<?xml version="1.0" encoding="UTF-8"?>
<Site BuildName="(empty)"
	BuildStamp="20240408-1005-Experimental"
	Name="(empty)"
	Generator="ctest-3.25.0"
	CompilerName=""
	CompilerVersion=""
	OSName="macOS"
	Hostname="Hus-MacBook-Air.local"
	OSRelease="13.2.1"
	OSVersion="22D68"
	OSPlatform="arm64"
	Is64Bits="1"
	VendorString="IBM"
	VendorID="IBM"
	FamilyID="16777228"
	ModelID="2"
	ProcessorCacheSize="131072"
	NumberOfLogicalCPU="8"
	NumberOfPhysicalCPU="8"
	TotalVirtualMemory="25600"
	TotalPhysicalMemory="8192"
	LogicalProcessorsPerPhysical="8"
	ProcessorClockFrequency="0"
	>
	<Testing>
		<StartDateTime>Apr 08 11:05 BST</StartDateTime>
		<StartTestTime>1712570721</StartTestTime>
		<TestList/>
		<EndDateTime>Apr 08 11:05 BST</EndDateTime>
		<EndTestTime>1712570721</EndTestTime>
		<ElapsedMinutes>0</ElapsedMinutes>
	</Testing>
</Site>
